app/build/intermediates/manifest_merge_blame_file/debug/processDebugMainManifest/manifest-merger-blame-debug-report.txt
1<?xml version="1.0" encoding="utf-8"?>
2<manifest xmlns:android="http://schemas.android.com/apk/res/android"
3    package="com.scanforge"
4    android:versionCode="1"
5    android:versionName="1.0" >
6
7    <uses-sdk
8        android:minSdkVersion="24"
9        android:targetSdkVersion="34" />
10
11    <!-- Permissions -->
12    <uses-permission android:name="android.permission.CAMERA" />
12-->src/main/AndroidManifest.xml:5:5-65
12-->src/main/AndroidManifest.xml:5:22-62
13    <uses-permission
13-->src/main/AndroidManifest.xml:6:5-7:38
14        android:name="android.permission.WRITE_EXTERNAL_STORAGE"
14-->src/main/AndroidManifest.xml:6:22-78
15        android:maxSdkVersion="28" />
15-->src/main/AndroidManifest.xml:7:9-35
16    <uses-permission
16-->src/main/AndroidManifest.xml:8:5-9:38
17        android:name="android.permission.READ_EXTERNAL_STORAGE"
17-->src/main/AndroidManifest.xml:8:22-77
18        android:maxSdkVersion="32" />
18-->src/main/AndroidManifest.xml:9:9-35
19    <uses-permission android:name="android.permission.READ_MEDIA_IMAGES" />
19-->src/main/AndroidManifest.xml:10:5-76
19-->src/main/AndroidManifest.xml:10:22-73
20
21    <!-- Camera features -->
22    <uses-feature
22-->src/main/AndroidManifest.xml:13:5-84
23        android:name="android.hardware.camera"
23-->src/main/AndroidManifest.xml:13:19-57
24        android:required="true" />
24-->src/main/AndroidManifest.xml:13:58-81
25    <uses-feature
25-->src/main/AndroidManifest.xml:14:5-95
26        android:name="android.hardware.camera.autofocus"
26-->src/main/AndroidManifest.xml:14:19-67
27        android:required="false" />
27-->src/main/AndroidManifest.xml:14:68-92
28
29    <!-- ARCore (optional — graceful fallback if not supported) -->
30    <uses-feature
30-->src/main/AndroidManifest.xml:17:5-88
31        android:name="android.hardware.camera.ar"
31-->src/main/AndroidManifest.xml:17:19-60
32        android:required="false" />
32-->src/main/AndroidManifest.xml:17:61-85
33
34    <permission
34-->[androidx.core:core:1.12.0] AndroidManifest.xml:22:5-24:47
35        android:name="com.scanforge.DYNAMIC_RECEIVER_NOT_EXPORTED_PERMISSION"
35-->[androidx.core:core:1.12.0] AndroidManifest.xml:23:9-81
36        android:protectionLevel="signature" />
36-->[androidx.core:core:1.12.0] AndroidManifest.xml:24:9-44
37
38    <uses-permission android:name="com.scanforge.DYNAMIC_RECEIVER_NOT_EXPORTED_PERMISSION" />
38-->[androidx.core:core:1.12.0] AndroidManifest.xml:26:5-97
38-->[androidx.core:core:1.12.0] AndroidManifest.xml:26:22-94
39
40    <application
40-->src/main/AndroidManifest.xml:19:5-46:19
41        android:name="com.scanforge.ScanForgeApp"
41-->src/main/AndroidManifest.xml:20:9-37
42        android:allowBackup="true"
42-->src/main/AndroidManifest.xml:21:9-35
43        android:appComponentFactory="androidx.core.app.CoreComponentFactory"
43-->[androidx.core:core:1.12.0] AndroidManifest.xml:28:18-86
44        android:debuggable="true"
45        android:extractNativeLibs="false"
46        android:hardwareAccelerated="true"
46-->src/main/AndroidManifest.xml:27:9-43
47        android:icon="@mipmap/ic_launcher"
47-->src/main/AndroidManifest.xml:22:9-43
48        android:label="@string/app_name"
48-->src/main/AndroidManifest.xml:23:9-41
49        android:largeHeap="true"
49-->src/main/AndroidManifest.xml:28:9-33
50        android:roundIcon="@mipmap/ic_launcher_round"
50-->src/main/AndroidManifest.xml:24:9-54
51        android:supportsRtl="true"
51-->src/main/AndroidManifest.xml:25:9-35
52        android:theme="@style/Theme.ScanForge" >
52-->src/main/AndroidManifest.xml:26:9-47
53
54        <!-- ARCore meta -->
55        <meta-data
55-->src/main/AndroidManifest.xml:31:9-33:40
56            android:name="com.google.ar.core"
56-->src/main/AndroidManifest.xml:32:13-46
57            android:value="optional" />
57-->src/main/AndroidManifest.xml:33:13-37
58
59        <activity
59-->src/main/AndroidManifest.xml:35:9-45:20
60            android:name="com.scanforge.MainActivity"
60-->src/main/AndroidManifest.xml:36:13-41
61            android:exported="true"
61-->src/main/AndroidManifest.xml:37:13-36
62            android:screenOrientation="portrait"
62-->src/main/AndroidManifest.xml:38:13-49
63            android:theme="@style/Theme.ScanForge"
63-->src/main/AndroidManifest.xml:40:13-51
64            android:windowSoftInputMode="adjustResize" >
64-->src/main/AndroidManifest.xml:39:13-55
65            <intent-filter>
65-->src/main/AndroidManifest.xml:41:13-44:29
66                <action android:name="android.intent.action.MAIN" />
66-->src/main/AndroidManifest.xml:42:17-69
66-->src/main/AndroidManifest.xml:42:25-66
67
68                <category android:name="android.intent.category.LAUNCHER" />
68-->src/main/AndroidManifest.xml:43:17-77
68-->src/main/AndroidManifest.xml:43:27-74
69            </intent-filter>
70        </activity>
71
72        <service
72-->[androidx.camera:camera-camera2:1.3.0] AndroidManifest.xml:24:9-33:19
73            android:name="androidx.camera.core.impl.MetadataHolderService"
73-->[androidx.camera:camera-camera2:1.3.0] AndroidManifest.xml:25:13-75
74            android:enabled="false"
74-->[androidx.camera:camera-camera2:1.3.0] AndroidManifest.xml:26:13-36
75            android:exported="false" >
75-->[androidx.camera:camera-camera2:1.3.0] AndroidManifest.xml:27:13-37
76            <meta-data
76-->[androidx.camera:camera-camera2:1.3.0] AndroidManifest.xml:30:13-32:89
77                android:name="androidx.camera.core.impl.MetadataHolderService.DEFAULT_CONFIG_PROVIDER"
77-->[androidx.camera:camera-camera2:1.3.0] AndroidManifest.xml:31:17-103
78                android:value="androidx.camera.camera2.Camera2Config$DefaultProvider" />
78-->[androidx.camera:camera-camera2:1.3.0] AndroidManifest.xml:32:17-86
79        </service>
80
81        <activity
81-->[androidx.compose.ui:ui-tooling-android:1.6.1] AndroidManifest.xml:23:9-25:39
82            android:name="androidx.compose.ui.tooling.PreviewActivity"
82-->[androidx.compose.ui:ui-tooling-android:1.6.1] AndroidManifest.xml:24:13-71
83            android:exported="true" />
83-->[androidx.compose.ui:ui-tooling-android:1.6.1] AndroidManifest.xml:25:13-36
84        <activity
84-->[androidx.compose.ui:ui-test-manifest:1.6.1] AndroidManifest.xml:23:9-25:39
85            android:name="androidx.activity.ComponentActivity"
85-->[androidx.compose.ui:ui-test-manifest:1.6.1] AndroidManifest.xml:24:13-63
86            android:exported="true" />
86-->[androidx.compose.ui:ui-test-manifest:1.6.1] AndroidManifest.xml:25:13-36
87
88        <provider
88-->[androidx.emoji2:emoji2:1.3.0] AndroidManifest.xml:24:9-32:20
89            android:name="androidx.startup.InitializationProvider"
89-->[androidx.emoji2:emoji2:1.3.0] AndroidManifest.xml:25:13-67
90            android:authorities="com.scanforge.androidx-startup"
90-->[androidx.emoji2:emoji2:1.3.0] AndroidManifest.xml:26:13-68
91            android:exported="false" >
91-->[androidx.emoji2:emoji2:1.3.0] AndroidManifest.xml:27:13-37
92            <meta-data
92-->[androidx.emoji2:emoji2:1.3.0] AndroidManifest.xml:29:13-31:52
93                android:name="androidx.emoji2.text.EmojiCompatInitializer"
93-->[androidx.emoji2:emoji2:1.3.0] AndroidManifest.xml:30:17-75
94                android:value="androidx.startup" />
94-->[androidx.emoji2:emoji2:1.3.0] AndroidManifest.xml:31:17-49
95            <meta-data
95-->[androidx.lifecycle:lifecycle-process:2.7.0] AndroidManifest.xml:29:13-31:52
96                android:name="androidx.lifecycle.ProcessLifecycleInitializer"
96-->[androidx.lifecycle:lifecycle-process:2.7.0] AndroidManifest.xml:30:17-78
97                android:value="androidx.startup" />
97-->[androidx.lifecycle:lifecycle-process:2.7.0] AndroidManifest.xml:31:17-49
98            <meta-data
98-->[androidx.profileinstaller:profileinstaller:1.3.0] AndroidManifest.xml:29:13-31:52
99                android:name="androidx.profileinstaller.ProfileInstallerInitializer"
99-->[androidx.profileinstaller:profileinstaller:1.3.0] AndroidManifest.xml:30:17-85
100                android:value="androidx.startup" />
100-->[androidx.profileinstaller:profileinstaller:1.3.0] AndroidManifest.xml:31:17-49
101        </provider>
102
103        <receiver
103-->[androidx.profileinstaller:profileinstaller:1.3.0] AndroidManifest.xml:34:9-52:20
104            android:name="androidx.profileinstaller.ProfileInstallReceiver"
104-->[androidx.profileinstaller:profileinstaller:1.3.0] AndroidManifest.xml:35:13-76
105            android:directBootAware="false"
105-->[androidx.profileinstaller:profileinstaller:1.3.0] AndroidManifest.xml:36:13-44
106            android:enabled="true"
106-->[androidx.profileinstaller:profileinstaller:1.3.0] AndroidManifest.xml:37:13-35
107            android:exported="true"
107-->[androidx.profileinstaller:profileinstaller:1.3.0] AndroidManifest.xml:38:13-36
108            android:permission="android.permission.DUMP" >
108-->[androidx.profileinstaller:profileinstaller:1.3.0] AndroidManifest.xml:39:13-57
109            <intent-filter>
109-->[androidx.profileinstaller:profileinstaller:1.3.0] AndroidManifest.xml:40:13-42:29
110                <action android:name="androidx.profileinstaller.action.INSTALL_PROFILE" />
110-->[androidx.profileinstaller:profileinstaller:1.3.0] AndroidManifest.xml:41:17-91
110-->[androidx.profileinstaller:profileinstaller:1.3.0] AndroidManifest.xml:41:25-88
111            </intent-filter>
112            <intent-filter>
112-->[androidx.profileinstaller:profileinstaller:1.3.0] AndroidManifest.xml:43:13-45:29
113                <action android:name="androidx.profileinstaller.action.SKIP_FILE" />
113-->[androidx.profileinstaller:profileinstaller:1.3.0] AndroidManifest.xml:44:17-85
113-->[androidx.profileinstaller:profileinstaller:1.3.0] AndroidManifest.xml:44:25-82
114            </intent-filter>
115            <intent-filter>
115-->[androidx.profileinstaller:profileinstaller:1.3.0] AndroidManifest.xml:46:13-48:29
116                <action android:name="androidx.profileinstaller.action.SAVE_PROFILE" />
116-->[androidx.profileinstaller:profileinstaller:1.3.0] AndroidManifest.xml:47:17-88
116-->[androidx.profileinstaller:profileinstaller:1.3.0] AndroidManifest.xml:47:25-85
117            </intent-filter>
118            <intent-filter>
118-->[androidx.profileinstaller:profileinstaller:1.3.0] AndroidManifest.xml:49:13-51:29
119                <action android:name="androidx.profileinstaller.action.BENCHMARK_OPERATION" />
119-->[androidx.profileinstaller:profileinstaller:1.3.0] AndroidManifest.xml:50:17-95
119-->[androidx.profileinstaller:profileinstaller:1.3.0] AndroidManifest.xml:50:25-92
120            </intent-filter>
121        </receiver>
122    </application>
123
124</manifest>